#
# There is insufficient memory for the Java Runtime Environment to continue.
# Native memory allocation (mmap) failed to map 199229440 bytes for G1 virtual space
# Possible reasons:
#   The system is out of physical RAM or swap space
#   The process is running with CompressedOops enabled, and the Java Heap may be blocking the growth of the native heap
# Possible solutions:
#   Reduce memory load on the system
#   Increase physical memory or swap space
#   Check if swap backing store is full
#   Decrease Java heap size (-Xmx/-Xms)
#   Decrease number of Java threads
#   Decrease Java thread stack sizes (-Xss)
#   Set larger code cache with -XX:ReservedCodeCacheSize=
#   JVM is running with Zero Based Compressed Oops mode in which the Java heap is
#     placed in the first 32GB address space. The Java Heap base address is the
#     maximum limit for the native heap growth. Please use -XX:HeapBaseMinAddress
#     to set the Java Heap base and to place the Java Heap above 32GB virtual address.
# This output file may be truncated or incomplete.
#
#  Out of Memory Error (os_windows.cpp:3469), pid=7204, tid=14360
#
# JRE version:  (17.0.1+12) (build )
# Java VM: Java HotSpot(TM) 64-Bit Server VM (17.0.1+12-LTS-39, mixed mode, sharing, tiered, compressed oops, compressed class ptrs, g1 gc, windows-amd64)
# No core dump will be written. Minidumps are not enabled by default on client versions of Windows
#

---------------  S U M M A R Y ------------

Command Line: -javaagent:C:\Program Files\JetBrains\IntelliJ IDEA Community Edition 2021.2.1\lib\idea_rt.jar=59857:C:\Program Files\JetBrains\IntelliJ IDEA Community Edition 2021.2.1\bin -Dfile.encoding=UTF-8 try57

Host: Intel(R) Core(TM) i3-6006U CPU @ 2.00GHz, 4 cores, 11G,  Windows 10 , 64 bit Build 22000 (10.0.22000.434)
Time: Wed Jan 26 21:30:14 2022 India Standard Time elapsed time: 0.076728 seconds (0d 0h 0m 0s)

---------------  T H R E A D  ---------------

Current thread (0x0000022a963a3730):  JavaThread "Unknown thread" [_thread_in_vm, id=14360, stack(0x000000adfd300000,0x000000adfd400000)]

Stack: [0x000000adfd300000,0x000000adfd400000]
Native frames: (J=compiled Java code, j=interpreted, Vv=VM code, C=native code)
V  [jvm.dll+0x66fa1a]
V  [jvm.dll+0x7ce5a4]
V  [jvm.dll+0x7cfd4e]
V  [jvm.dll+0x7d03b3]
V  [jvm.dll+0x242b05]
V  [jvm.dll+0x66ca39]
V  [jvm.dll+0x661502]
V  [jvm.dll+0x30081b]
V  [jvm.dll+0x307da6]
V  [jvm.dll+0x357a1e]
V  [jvm.dll+0x357c4f]
V  [jvm.dll+0x2d7ad8]
V  [jvm.dll+0x2d8a44]
V  [jvm.dll+0x7a01e1]
V  [jvm.dll+0x365791]
V  [jvm.dll+0x77f6cc]
V  [jvm.dll+0x3e812f]
V  [jvm.dll+0x3e9bd1]
C  [jli.dll+0x527b]
C  [ucrtbase.dll+0x26c0c]
C  [KERNEL32.DLL+0x154e0]
C  [ntdll.dll+0x485b]


---------------  P R O C E S S  ---------------

Threads class SMR info:
_java_thread_list=0x00007ffa21c57818, length=0, elements={
}

Java Threads: ( => current thread )

Other Threads:
  0x0000022a963e52a0 GCTaskThread "GC Thread#0" [stack: 0x000000adfd400000,0x000000adfd500000] [id=19384]
  0x0000022a963f1e70 ConcurrentGCThread "G1 Main Marker" [stack: 0x000000adfd500000,0x000000adfd600000] [id=8200]
  0x0000022a963f2880 ConcurrentGCThread "G1 Conc#0" [stack: 0x000000adfd600000,0x000000adfd700000] [id=4488]

[error occurred during error reporting (printing all threads), id 0xc0000005, EXCEPTION_ACCESS_VIOLATION (0xc0000005) at pc=0x00007ffa214a84b7]

VM state: not at safepoint (not fully initialized)

VM Mutex/Monitor currently owned by a thread:  ([mutex/lock_event])
[0x0000022a9639f5c0] Heap_lock - owner thread: 0x0000022a963a3730

Heap address: 0x0000000743600000, size: 3018 MB, Compressed Oops mode: Zero based, Oop shift amount: 3

CDS archive(s) mapped at: [0x0000000000000000-0x0000000000000000-0x0000000000000000), size 0, SharedBaseAddress: 0x0000000800000000, ArchiveRelocationMode: 0.
Narrow klass base: 0x0000000000000000, Narrow klass shift: 0, Narrow klass range: 0x0

GC Precious Log:
<Empty>

Heap:
 garbage-first heap   total 0K, used 0K [0x0000000743600000, 0x0000000800000000)
  region size 2048K, 0 young (0K), 0 survivors (0K)

[error occurred during error reporting (printing heap information), id 0xc0000005, EXCEPTION_ACCESS_VIOLATION (0xc0000005) at pc=0x00007ffa21888d89]

GC Heap History (0 events):
No events

Deoptimization events (0 events):
No events

Classes unloaded (0 events):
No events

Classes redefined (0 events):
No events

Internal exceptions (0 events):
No events

VM Operations (0 events):
No events

Events (1 events):
Event: 0.065 Loaded shared library C:\Program Files\Java\jdk-17.0.1\bin\java.dll


Dynamic libraries:
0x00007ff7db390000 - 0x00007ff7db3a0000 	C:\Program Files\Java\jdk-17.0.1\bin\java.exe
0x00007ffa5ab40000 - 0x00007ffa5ad47000 	C:\WINDOWS\SYSTEM32\ntdll.dll
0x00007ffa58bc0000 - 0x00007ffa58c7d000 	C:\WINDOWS\System32\KERNEL32.DLL
0x00007ffa580f0000 - 0x00007ffa58464000 	C:\WINDOWS\System32\KERNELBASE.dll
0x00007ffa588c0000 - 0x00007ffa589d1000 	C:\WINDOWS\System32\ucrtbase.dll
0x00007ffa54160000 - 0x00007ffa5417a000 	C:\Program Files\Java\jdk-17.0.1\bin\VCRUNTIME140.dll
0x00007ffa54140000 - 0x00007ffa54158000 	C:\Program Files\Java\jdk-17.0.1\bin\jli.dll
0x00007ffa5aa50000 - 0x00007ffa5aafe000 	C:\WINDOWS\System32\ADVAPI32.dll
0x00007ffa58b10000 - 0x00007ffa58bb3000 	C:\WINDOWS\System32\msvcrt.dll
0x00007ffa5a810000 - 0x00007ffa5a8ae000 	C:\WINDOWS\System32\sechost.dll
0x00007ffa589e0000 - 0x00007ffa58b00000 	C:\WINDOWS\System32\RPCRT4.dll
0x00007ffa59e40000 - 0x00007ffa59fec000 	C:\WINDOWS\System32\USER32.dll
0x00007ffa58470000 - 0x00007ffa58496000 	C:\WINDOWS\System32\win32u.dll
0x00007ffa59b60000 - 0x00007ffa59b89000 	C:\WINDOWS\System32\GDI32.dll
0x00007ffa587a0000 - 0x00007ffa588b2000 	C:\WINDOWS\System32\gdi32full.dll
0x00007ffa584a0000 - 0x00007ffa5853d000 	C:\WINDOWS\System32\msvcp_win.dll
0x00007ffa46bc0000 - 0x00007ffa46e65000 	C:\WINDOWS\WinSxS\amd64_microsoft.windows.common-controls_6595b64144ccf1df_6.0.22000.120_none_9d947278b86cc467\COMCTL32.dll
0x00007ffa502d0000 - 0x00007ffa502da000 	C:\WINDOWS\SYSTEM32\VERSION.dll
0x00007ffa59780000 - 0x00007ffa597b1000 	C:\WINDOWS\System32\IMM32.DLL
0x00007ffa49e80000 - 0x00007ffa49e8c000 	C:\Program Files\Java\jdk-17.0.1\bin\vcruntime140_1.dll
0x00007ffa3eee0000 - 0x00007ffa3ef6d000 	C:\Program Files\Java\jdk-17.0.1\bin\msvcp140.dll
0x00007ffa211c0000 - 0x00007ffa21d7e000 	C:\Program Files\Java\jdk-17.0.1\bin\server\jvm.dll
0x00007ffa59e30000 - 0x00007ffa59e38000 	C:\WINDOWS\System32\PSAPI.DLL
0x00007ffa464f0000 - 0x00007ffa464f9000 	C:\WINDOWS\SYSTEM32\WSOCK32.dll
0x00007ffa58d30000 - 0x00007ffa58d9f000 	C:\WINDOWS\System32\WS2_32.dll
0x00007ffa520a0000 - 0x00007ffa520d3000 	C:\WINDOWS\SYSTEM32\WINMM.dll
0x00007ffa57130000 - 0x00007ffa57148000 	C:\WINDOWS\SYSTEM32\kernel.appcore.dll
0x00007ffa49050000 - 0x00007ffa4905a000 	C:\Program Files\Java\jdk-17.0.1\bin\jimage.dll
0x00007ffa55ac0000 - 0x00007ffa55ce1000 	C:\WINDOWS\SYSTEM32\DBGHELP.DLL
0x00007ffa3ff70000 - 0x00007ffa3ffa1000 	C:\WINDOWS\SYSTEM32\dbgcore.DLL
0x00007ffa585b0000 - 0x00007ffa5862f000 	C:\WINDOWS\System32\bcryptPrimitives.dll
0x00007ffa49130000 - 0x00007ffa4913e000 	C:\Program Files\Java\jdk-17.0.1\bin\instrument.dll
0x00007ffa48e60000 - 0x00007ffa48e85000 	C:\Program Files\Java\jdk-17.0.1\bin\java.dll

dbghelp: loaded successfully - version: 4.0.5 - missing functions: none
symbol engine: initialized successfully - sym options: 0x614 - pdb path: .;C:\Program Files\Java\jdk-17.0.1\bin;C:\WINDOWS\SYSTEM32;C:\WINDOWS\WinSxS\amd64_microsoft.windows.common-controls_6595b64144ccf1df_6.0.22000.120_none_9d947278b86cc467;C:\Program Files\Java\jdk-17.0.1\bin\server

VM Arguments:
jvm_args: -javaagent:C:\Program Files\JetBrains\IntelliJ IDEA Community Edition 2021.2.1\lib\idea_rt.jar=59857:C:\Program Files\JetBrains\IntelliJ IDEA Community Edition 2021.2.1\bin -Dfile.encoding=UTF-8 
java_command: try57
java_class_path (initial): C:\a.java\out\production\a.java;C:\a.java\lib\groovy-astbuilder-4.0.0-beta-1-sources.jar;C:\a.java\lib\groovy-4.0.0-beta-1.jar;C:\a.java\lib\groovy-docgenerator-4.0.0-beta-1-sources.jar;C:\a.java\lib\groovy-test-4.0.0-beta-1.jar;C:\a.java\lib\groovy-groovydoc-4.0.0-beta-1-sources.jar;C:\a.java\lib\groovy-datetime-4.0.0-beta-1-sources.jar;C:\a.java\lib\kotlin-reflect-sources.jar;C:\a.java\lib\groovy-cli-commons-4.0.0-beta-1-sources.jar;C:\a.java\lib\groovy-cli-commons-4.0.0-beta-1.jar;C:\a.java\lib\groovy-groovysh-4.0.0-beta-1-sources.jar;C:\a.java\lib\groovy-cli-picocli-4.0.0-beta-1-sources.jar;C:\a.java\lib\groovy-datetime-4.0.0-beta-1.jar;C:\a.java\lib\kotlin-reflect.jar;C:\a.java\lib\groovy-macro-4.0.0-beta-1-sources.jar;C:\a.java\lib\kotlin-test-sources.jar;C:\a.java\lib\groovy-ginq-4.0.0-beta-1.jar;C:\a.java\lib\kotlin-stdlib.jar;C:\a.java\lib\groovy-dateutil-4.0.0-beta-1.jar;C:\a.java\lib\groovy-console-4.0.0-beta-1.jar;C:\a.java\lib\groovy-jmx-4.0.0-beta-1.jar;C:\a.java\lib\groovy-toml-4.0.0-beta-1.jar;C:\a.java\lib\groovy-jsr223-4.0.0-beta-1-sources.jar;C:\a.java\lib\groovy-json-4.0.0-beta-1.jar;C:\a.java\lib\groovy-macro-library-4.0.0-beta-1-sources.jar;C:\a.java\lib\groovy-templates-4.0.0-beta-1-sources.jar;C:\a.java\lib\groovy-toml-4.0.0-beta-1-sources.jar;C:\a.java\lib\groovy-sql-4.0.0-beta-1.jar;C:\a.java\lib\groovy-dateutil-4.0.0-beta-1-sources.jar;C:\a.java\lib\groovy-typecheckers-4.0.0-beta-1-sources.jar;C:\a.java\lib\groovy-cli-picocli-4.0.0-beta-1.jar;C:\a.java\lib\groovy-servlet-4.0.0-beta-1.jar;C:\a.java\lib\groovy-jsr223-4.0.0-beta-1.jar;C:\a.java\lib\kotlin-stdlib-jdk8-sources.jar;C:\a.java\lib\groovy-swing-4.0.0-beta-1-sources.jar;C:\a.java\lib\groovy-jmx-4.0.0-beta-1-sources.jar;C:\a.java\lib\kotlin-test.jar;C:\a.java\lib\groovy-xml-4.0.0-beta-1-sources.jar;C:\a.java\lib\groovy-test-junit5-4.0.0-beta-1-sources.jar;C:\a.java\lib\kotlin-stdlib-jdk7-sources.jar;C:\a.java\lib\groovy-sql-4.0.0-beta-1-sources.jar;C:\a.j
Launcher Type: SUN_STANDARD

[Global flags]
     intx CICompilerCount                          = 3                                         {product} {ergonomic}
     uint ConcGCThreads                            = 1                                         {product} {ergonomic}
     uint G1ConcRefinementThreads                  = 4                                         {product} {ergonomic}
   size_t G1HeapRegionSize                         = 2097152                                   {product} {ergonomic}
    uintx GCDrainStackTargetSize                   = 64                                        {product} {ergonomic}
   size_t InitialHeapSize                          = 199229440                                 {product} {ergonomic}
   size_t MarkStackSize                            = 4194304                                   {product} {ergonomic}
   size_t MaxHeapSize                              = 3164602368                                {product} {ergonomic}
   size_t MinHeapDeltaBytes                        = 2097152                                   {product} {ergonomic}
   size_t MinHeapSize                              = 8388608                                   {product} {ergonomic}
    uintx NonNMethodCodeHeapSize                   = 5832780                                {pd product} {ergonomic}
    uintx NonProfiledCodeHeapSize                  = 122912730                              {pd product} {ergonomic}
    uintx ProfiledCodeHeapSize                     = 122912730                              {pd product} {ergonomic}
    uintx ReservedCodeCacheSize                    = 251658240                              {pd product} {ergonomic}
     bool SegmentedCodeCache                       = true                                      {product} {ergonomic}
   size_t SoftMaxHeapSize                          = 3164602368                             {manageable} {ergonomic}
     bool UseCompressedClassPointers               = true                           {product lp64_product} {ergonomic}
     bool UseCompressedOops                        = true                           {product lp64_product} {ergonomic}
     bool UseG1GC                                  = true                                      {product} {ergonomic}
     bool UseLargePagesIndividualAllocation        = false                                  {pd product} {ergonomic}

Logging:
Log output configuration:
 #0: stdout all=warning uptime,level,tags
 #1: stderr all=off uptime,level,tags

Environment Variables:
PATH=C:\Program Files\Java\jdk1.8.0_202\bin;C:\Program Files (x86)\Common Files\Oracle\Java\javapath;C:\Program Files\Common Files\Oracle\Java\javapath;C:\WINDOWS\system32;C:\WINDOWS;C:\WINDOWS\System32\Wbem;C:\WINDOWS\System32\WindowsPowerShell\v1.0\;C:\WINDOWS\System32\OpenSSH\;C:\MinGW\bin;C:\Users\gupta\AppData\Local\Programs\Python\Python39;C:\Program Files\Java\jdk-16.0.1\bin;C:\Program Files\JetBrains\IntelliJ IDEA Community Edition 2021.2.3\bin;C:\Program Files\nodejs\;C:\ProgramData\chocolatey\bin;C:\Program Files\Git\cmd;C:\Users\gupta\AppData\Local\Programs\Python\Python310\Scripts\;C:\Users\gupta\AppData\Local\Programs\Python\Python310\;C:\Program Files\MySQL\MySQL Shell 8.0\bin\;C:\Users\gupta\AppData\Local\Microsoft\WindowsApps;C:\Program Files\JetBrains\IntelliJ IDEA Community Edition 2021.2.1\bin;;C:\Users\gupta\AppData\Local\Programs\Microsoft VS Code\bin;C:\Program Files\JetBrains\CLion 2021.2.1\bin;;C:\Users\gupta\AppData\Local\GitHubDesktop\bin;C:\Program Files\JetBrains\PyCharm 2021.3.1\bin;;C:\Users\gupta\AppData\Roaming\npm
USERNAME=Dell
OS=Windows_NT
PROCESSOR_IDENTIFIER=Intel64 Family 6 Model 78 Stepping 3, GenuineIntel



---------------  S Y S T E M  ---------------

OS:
 Windows 10 , 64 bit Build 22000 (10.0.22000.434)
OS uptime: 1 days 1:28 hours
Hyper-V role detected

CPU: total 4 (initial active 4) (2 cores per cpu, 2 threads per core) family 6 model 78 stepping 3 microcode 0xea, cx8, cmov, fxsr, ht, mmx, 3dnowpref, sse, sse2, sse3, ssse3, sse4.1, sse4.2, popcnt, lzcnt, tsc, tscinvbit, avx, avx2, aes, erms, clmul, bmi1, bmi2, adx, fma, vzeroupper, clflush, clflushopt, hv

Memory: 4k page, system-wide physical 12066M (1923M free)
TotalPageFile size 17034M (AvailPageFile size 91M)
current process WorkingSet (physical memory assigned to process): 10M, peak: 10M
current process commit charge ("private bytes"): 51M, peak: 241M

vm_info: Java HotSpot(TM) 64-Bit Server VM (17.0.1+12-LTS-39) for windows-amd64 JRE (17.0.1+12-LTS-39), built on Sep 27 2021 18:41:35 by "mach5one" with MS VC++ 16.8 (VS2019)

END.
